app/build/intermediates/manifest_merge_blame_file/debug/manifest-merger-blame-debug-report.txt
1<?xml version="1.0" encoding="utf-8"?>
2<manifest xmlns:android="http://schemas.android.com/apk/res/android"
3    package="com.hex.shaadi"
4    android:versionCode="1"
5    android:versionName="1.0" >
6
7    <uses-sdk
8        android:minSdkVersion="23"
8-->src/main/AndroidManifest.xml
9        android:targetSdkVersion="29" />
9-->src/main/AndroidManifest.xml
10
11    <uses-permission android:name="android.permission.INTERNET" />
11-->src/main/AndroidManifest.xml:6:5-67
11-->src/main/AndroidManifest.xml:6:22-64
12    <uses-permission android:name="android.permission.ACCESS_NETWORK_STATE" />
12-->src/main/AndroidManifest.xml:7:5-79
12-->src/main/AndroidManifest.xml:7:22-76
13
14    <application
14-->src/main/AndroidManifest.xml:9:5-30:19
15        android:name="com.karan.kisan_network.SmsApplication"
15-->src/main/AndroidManifest.xml:10:9-62
16        android:appComponentFactory="androidx.core.app.CoreComponentFactory"
16-->[androidx.core:core:1.3.1] AndroidManifest.xml:24:18-86
17        android:debuggable="true"
18        android:extractNativeLibs="false"
19        android:icon="@mipmap/ic_launcher"
19-->src/main/AndroidManifest.xml:11:9-43
20        android:label="@string/app_name"
20-->src/main/AndroidManifest.xml:12:9-41
21        android:roundIcon="@mipmap/ic_launcher_round"
21-->src/main/AndroidManifest.xml:13:9-54
22        android:supportsRtl="false"
22-->src/main/AndroidManifest.xml:14:9-36
23        android:testOnly="true"
24        android:theme="@style/AppTheme" >
24-->src/main/AndroidManifest.xml:15:9-40
25        <activity android:name="com.karan.kisan_network.ui.activity.MainActivity" >
25-->src/main/AndroidManifest.xml:18:9-24:20
25-->src/main/AndroidManifest.xml:18:19-82
26            <intent-filter>
26-->src/main/AndroidManifest.xml:19:13-23:29
27                <action android:name="android.intent.action.MAIN" />
27-->src/main/AndroidManifest.xml:20:17-69
27-->src/main/AndroidManifest.xml:20:25-66
28
29                <category android:name="android.intent.category.LAUNCHER" />
29-->src/main/AndroidManifest.xml:22:17-77
29-->src/main/AndroidManifest.xml:22:27-74
30            </intent-filter>
31        </activity>
32        <activity android:name="com.karan.kisan_network.ui.activity.SendMessageActivity" />
32-->src/main/AndroidManifest.xml:25:9-91
32-->src/main/AndroidManifest.xml:25:19-89
33        <activity
33-->src/main/AndroidManifest.xml:27:9-28:92
34            android:name="com.karan.kisan_network.ui.activity.ShowProfileActivity"
34-->src/main/AndroidManifest.xml:27:19-89
35            android:parentActivityName="com.karan.kisan_network.ui.activity.MainActivity" />
35-->src/main/AndroidManifest.xml:28:13-90
36
37        <service
37-->[androidx.room:room-runtime:2.2.5] AndroidManifest.xml:25:9-28:40
38            android:name="androidx.room.MultiInstanceInvalidationService"
38-->[androidx.room:room-runtime:2.2.5] AndroidManifest.xml:26:13-74
39            android:directBootAware="true"
39-->[androidx.room:room-runtime:2.2.5] AndroidManifest.xml:27:13-43
40            android:exported="false" />
40-->[androidx.room:room-runtime:2.2.5] AndroidManifest.xml:28:13-37
41
42        <provider
42-->[androidx.lifecycle:lifecycle-process:2.2.0] AndroidManifest.xml:25:9-29:43
43            android:name="androidx.lifecycle.ProcessLifecycleOwnerInitializer"
43-->[androidx.lifecycle:lifecycle-process:2.2.0] AndroidManifest.xml:26:13-79
44            android:authorities="com.hex.shaadi.lifecycle-process"
44-->[androidx.lifecycle:lifecycle-process:2.2.0] AndroidManifest.xml:27:13-69
45            android:exported="false"
45-->[androidx.lifecycle:lifecycle-process:2.2.0] AndroidManifest.xml:28:13-37
46            android:multiprocess="true" />
46-->[androidx.lifecycle:lifecycle-process:2.2.0] AndroidManifest.xml:29:13-40
47    </application>
48
49</manifest>